{"/home/aditi/Promo-Engine/src/App.css": {"path":"/home/aditi/Promo-Engine/src/App.css","statementMap":{},"fnMap":{},"branchMap":{},"s":{},"f":{},"b":{},"inputSourceMap":null,"_coverageSchema":"1a1c01bbd47fc00a2c39e90264f33305004495a9","hash":"be134c7d24169b5a0b5dab4f080784404aab312d"}
,"/home/aditi/Promo-Engine/src/App.jsx": {"path":"/home/aditi/Promo-Engine/src/App.jsx","statementMap":{"0":{"start":{"line":13,"column":4},"end":{"line":26,"column":6}}},"fnMap":{"0":{"name":"App","decl":{"start":{"line":12,"column":9},"end":{"line":12,"column":12}},"loc":{"start":{"line":12,"column":15},"end":{"line":27,"column":1}},"line":12}},"branchMap":{},"s":{"0":1},"f":{"0":1},"b":{},"_coverageSchema":"1a1c01bbd47fc00a2c39e90264f33305004495a9","hash":"c98bedcb592c66e5a1daa24ef0cfeec94a236ba9"}
,"/home/aditi/Promo-Engine/src/components/config/CustomTextField.jsx": {"path":"/home/aditi/Promo-Engine/src/components/config/CustomTextField.jsx","statementMap":{"0":{"start":{"line":5,"column":4},"end":{"line":15,"column":6}}},"fnMap":{"0":{"name":"CustomTextField","decl":{"start":{"line":4,"column":9},"end":{"line":4,"column":24}},"loc":{"start":{"line":4,"column":84},"end":{"line":16,"column":1}},"line":4}},"branchMap":{"0":{"loc":{"start":{"line":4,"column":57},"end":{"line":4,"column":70}},"type":"default-arg","locations":[{"start":{"line":4,"column":64},"end":{"line":4,"column":70}}],"line":4}},"s":{"0":5},"f":{"0":5},"b":{"0":[4]},"_coverageSchema":"1a1c01bbd47fc00a2c39e90264f33305004495a9","hash":"02e5416e845ce30af2c5ea9a277eba178ba756fb"}
,"/home/aditi/Promo-Engine/src/components/config/NotificationBanner.jsx": {"path":"/home/aditi/Promo-Engine/src/components/config/NotificationBanner.jsx","statementMap":{"0":{"start":{"line":5,"column":4},"end":{"line":17,"column":6}}},"fnMap":{"0":{"name":"NotificationBanner","decl":{"start":{"line":4,"column":9},"end":{"line":4,"column":27}},"loc":{"start":{"line":4,"column":57},"end":{"line":18,"column":1}},"line":4}},"branchMap":{},"s":{"0":1},"f":{"0":1},"b":{},"_coverageSchema":"1a1c01bbd47fc00a2c39e90264f33305004495a9","hash":"032b94a999bc55352d8f3270a9c8d8637cef06ad"}
,"/home/aditi/Promo-Engine/src/components/config/SingleRuleForm.jsx": {"path":"/home/aditi/Promo-Engine/src/components/config/SingleRuleForm.jsx","statementMap":{"0":{"start":{"line":456,"column":28},"end":{"line":472,"column":6}},"1":{"start":{"line":474,"column":30},"end":{"line":474,"column":44}},"2":{"start":{"line":475,"column":44},"end":{"line":475,"column":59}},"3":{"start":{"line":477,"column":25},"end":{"line":520,"column":5}},"4":{"start":{"line":478,"column":32},"end":{"line":478,"column":40}},"5":{"start":{"line":480,"column":8},"end":{"line":519,"column":9}},"6":{"start":{"line":481,"column":34},"end":{"line":481,"column":52}},"7":{"start":{"line":482,"column":12},"end":{"line":491,"column":16}},"8":{"start":{"line":482,"column":35},"end":{"line":491,"column":13}},"9":{"start":{"line":492,"column":15},"end":{"line":519,"column":9}},"10":{"start":{"line":493,"column":31},"end":{"line":493,"column":49}},"11":{"start":{"line":494,"column":12},"end":{"line":513,"column":13}},"12":{"start":{"line":495,"column":16},"end":{"line":501,"column":20}},"13":{"start":{"line":495,"column":39},"end":{"line":501,"column":17}},"14":{"start":{"line":503,"column":16},"end":{"line":512,"column":20}},"15":{"start":{"line":503,"column":39},"end":{"line":512,"column":17}},"16":{"start":{"line":515,"column":12},"end":{"line":518,"column":16}},"17":{"start":{"line":515,"column":35},"end":{"line":518,"column":13}},"18":{"start":{"line":522,"column":25},"end":{"line":566,"column":5}},"19":{"start":{"line":523,"column":8},"end":{"line":525,"column":9}},"20":{"start":{"line":524,"column":12},"end":{"line":524,"column":55}},"21":{"start":{"line":527,"column":8},"end":{"line":529,"column":9}},"22":{"start":{"line":528,"column":12},"end":{"line":528,"column":56}},"23":{"start":{"line":531,"column":8},"end":{"line":533,"column":9}},"24":{"start":{"line":532,"column":12},"end":{"line":532,"column":62}},"25":{"start":{"line":535,"column":8},"end":{"line":537,"column":9}},"26":{"start":{"line":536,"column":12},"end":{"line":536,"column":75}},"27":{"start":{"line":539,"column":8},"end":{"line":542,"column":9}},"28":{"start":{"line":541,"column":12},"end":{"line":541,"column":109}},"29":{"start":{"line":544,"column":8},"end":{"line":547,"column":9}},"30":{"start":{"line":546,"column":12},"end":{"line":546,"column":118}},"31":{"start":{"line":549,"column":8},"end":{"line":551,"column":9}},"32":{"start":{"line":550,"column":12},"end":{"line":550,"column":60}},"33":{"start":{"line":553,"column":8},"end":{"line":555,"column":9}},"34":{"start":{"line":554,"column":12},"end":{"line":554,"column":74}},"35":{"start":{"line":557,"column":8},"end":{"line":560,"column":9}},"36":{"start":{"line":559,"column":12},"end":{"line":559,"column":95}},"37":{"start":{"line":562,"column":8},"end":{"line":565,"column":9}},"38":{"start":{"line":564,"column":12},"end":{"line":564,"column":115}},"39":{"start":{"line":568,"column":25},"end":{"line":655,"column":5}},"40":{"start":{"line":569,"column":8},"end":{"line":569,"column":27}},"41":{"start":{"line":570,"column":8},"end":{"line":570,"column":33}},"42":{"start":{"line":570,"column":26},"end":{"line":570,"column":33}},"43":{"start":{"line":572,"column":8},"end":{"line":572,"column":23}},"44":{"start":{"line":573,"column":8},"end":{"line":573,"column":30}},"45":{"start":{"line":575,"column":8},"end":{"line":654,"column":9}},"46":{"start":{"line":576,"column":12},"end":{"line":576,"column":27}},"47":{"start":{"line":578,"column":28},"end":{"line":586,"column":13}},"48":{"start":{"line":588,"column":12},"end":{"line":592,"column":13}},"49":{"start":{"line":589,"column":16},"end":{"line":591,"column":18}},"50":{"start":{"line":594,"column":12},"end":{"line":599,"column":13}},"51":{"start":{"line":595,"column":16},"end":{"line":598,"column":18}},"52":{"start":{"line":601,"column":12},"end":{"line":607,"column":13}},"53":{"start":{"line":602,"column":16},"end":{"line":606,"column":18}},"54":{"start":{"line":609,"column":12},"end":{"line":611,"column":13}},"55":{"start":{"line":610,"column":16},"end":{"line":610,"column":85}},"56":{"start":{"line":613,"column":12},"end":{"line":618,"column":13}},"57":{"start":{"line":614,"column":16},"end":{"line":617,"column":18}},"58":{"start":{"line":620,"column":12},"end":{"line":626,"column":13}},"59":{"start":{"line":621,"column":16},"end":{"line":625,"column":18}},"60":{"start":{"line":628,"column":12},"end":{"line":628,"column":57}},"61":{"start":{"line":629,"column":12},"end":{"line":629,"column":34}},"62":{"start":{"line":632,"column":12},"end":{"line":648,"column":15}},"63":{"start":{"line":650,"column":12},"end":{"line":650,"column":61}},"64":{"start":{"line":651,"column":12},"end":{"line":651,"column":81}},"65":{"start":{"line":653,"column":12},"end":{"line":653,"column":35}},"66":{"start":{"line":657,"column":4},"end":{"line":869,"column":6}},"67":{"start":{"line":683,"column":49},"end":{"line":683,"column":100}},"68":{"start":{"line":766,"column":49},"end":{"line":766,"column":97}}},"fnMap":{"0":{"name":"SingleRuleForm","decl":{"start":{"line":455,"column":9},"end":{"line":455,"column":23}},"loc":{"start":{"line":455,"column":44},"end":{"line":870,"column":1}},"line":455},"1":{"name":"(anonymous_1)","decl":{"start":{"line":477,"column":25},"end":{"line":477,"column":26}},"loc":{"start":{"line":477,"column":32},"end":{"line":520,"column":5}},"line":477},"2":{"name":"(anonymous_2)","decl":{"start":{"line":482,"column":20},"end":{"line":482,"column":21}},"loc":{"start":{"line":482,"column":35},"end":{"line":491,"column":13}},"line":482},"3":{"name":"(anonymous_3)","decl":{"start":{"line":495,"column":24},"end":{"line":495,"column":25}},"loc":{"start":{"line":495,"column":39},"end":{"line":501,"column":17}},"line":495},"4":{"name":"(anonymous_4)","decl":{"start":{"line":503,"column":24},"end":{"line":503,"column":25}},"loc":{"start":{"line":503,"column":39},"end":{"line":512,"column":17}},"line":503},"5":{"name":"(anonymous_5)","decl":{"start":{"line":515,"column":20},"end":{"line":515,"column":21}},"loc":{"start":{"line":515,"column":35},"end":{"line":518,"column":13}},"line":515},"6":{"name":"(anonymous_6)","decl":{"start":{"line":522,"column":25},"end":{"line":522,"column":26}},"loc":{"start":{"line":522,"column":31},"end":{"line":566,"column":5}},"line":522},"7":{"name":"(anonymous_7)","decl":{"start":{"line":568,"column":25},"end":{"line":568,"column":26}},"loc":{"start":{"line":568,"column":38},"end":{"line":655,"column":5}},"line":568},"8":{"name":"(anonymous_8)","decl":{"start":{"line":683,"column":42},"end":{"line":683,"column":43}},"loc":{"start":{"line":683,"column":49},"end":{"line":683,"column":100}},"line":683},"9":{"name":"(anonymous_9)","decl":{"start":{"line":766,"column":42},"end":{"line":766,"column":43}},"loc":{"start":{"line":766,"column":49},"end":{"line":766,"column":97}},"line":766}},"branchMap":{"0":{"loc":{"start":{"line":480,"column":8},"end":{"line":519,"column":9}},"type":"if","locations":[{"start":{"line":480,"column":8},"end":{"line":519,"column":9}},{"start":{"line":492,"column":15},"end":{"line":519,"column":9}}],"line":480},"1":{"loc":{"start":{"line":488,"column":46},"end":{"line":488,"column":155}},"type":"cond-expr","locations":[{"start":{"line":488,"column":130},"end":{"line":488,"column":147}},{"start":{"line":488,"column":150},"end":{"line":488,"column":155}}],"line":488},"2":{"loc":{"start":{"line":492,"column":15},"end":{"line":519,"column":9}},"type":"if","locations":[{"start":{"line":492,"column":15},"end":{"line":519,"column":9}},{"start":{"line":514,"column":15},"end":{"line":519,"column":9}}],"line":492},"3":{"loc":{"start":{"line":494,"column":12},"end":{"line":513,"column":13}},"type":"if","locations":[{"start":{"line":494,"column":12},"end":{"line":513,"column":13}},{"start":{"line":502,"column":19},"end":{"line":513,"column":13}}],"line":494},"4":{"loc":{"start":{"line":509,"column":50},"end":{"line":509,"column":149}},"type":"cond-expr","locations":[{"start":{"line":509,"column":124},"end":{"line":509,"column":141}},{"start":{"line":509,"column":144},"end":{"line":509,"column":149}}],"line":509},"5":{"loc":{"start":{"line":517,"column":24},"end":{"line":517,"column":69}},"type":"cond-expr","locations":[{"start":{"line":517,"column":46},"end":{"line":517,"column":61}},{"start":{"line":517,"column":64},"end":{"line":517,"column":69}}],"line":517},"6":{"loc":{"start":{"line":523,"column":8},"end":{"line":525,"column":9}},"type":"if","locations":[{"start":{"line":523,"column":8},"end":{"line":525,"column":9}},{"start":{},"end":{}}],"line":523},"7":{"loc":{"start":{"line":523,"column":12},"end":{"line":523,"column":56}},"type":"binary-expr","locations":[{"start":{"line":523,"column":12},"end":{"line":523,"column":22}},{"start":{"line":523,"column":26},"end":{"line":523,"column":40}},{"start":{"line":523,"column":44},"end":{"line":523,"column":56}}],"line":523},"8":{"loc":{"start":{"line":527,"column":8},"end":{"line":529,"column":9}},"type":"if","locations":[{"start":{"line":527,"column":8},"end":{"line":529,"column":9}},{"start":{},"end":{}}],"line":527},"9":{"loc":{"start":{"line":531,"column":8},"end":{"line":533,"column":9}},"type":"if","locations":[{"start":{"line":531,"column":8},"end":{"line":533,"column":9}},{"start":{},"end":{}}],"line":531},"10":{"loc":{"start":{"line":535,"column":8},"end":{"line":537,"column":9}},"type":"if","locations":[{"start":{"line":535,"column":8},"end":{"line":537,"column":9}},{"start":{},"end":{}}],"line":535},"11":{"loc":{"start":{"line":535,"column":12},"end":{"line":535,"column":97}},"type":"binary-expr","locations":[{"start":{"line":535,"column":12},"end":{"line":535,"column":51}},{"start":{"line":535,"column":55},"end":{"line":535,"column":97}}],"line":535},"12":{"loc":{"start":{"line":539,"column":8},"end":{"line":542,"column":9}},"type":"if","locations":[{"start":{"line":539,"column":8},"end":{"line":542,"column":9}},{"start":{},"end":{}}],"line":539},"13":{"loc":{"start":{"line":539,"column":12},"end":{"line":540,"column":114}},"type":"binary-expr","locations":[{"start":{"line":539,"column":12},"end":{"line":539,"column":58}},{"start":{"line":540,"column":13},"end":{"line":540,"column":58}},{"start":{"line":540,"column":62},"end":{"line":540,"column":113}}],"line":539},"14":{"loc":{"start":{"line":544,"column":8},"end":{"line":547,"column":9}},"type":"if","locations":[{"start":{"line":544,"column":8},"end":{"line":547,"column":9}},{"start":{},"end":{}}],"line":544},"15":{"loc":{"start":{"line":544,"column":12},"end":{"line":545,"column":124}},"type":"binary-expr","locations":[{"start":{"line":544,"column":12},"end":{"line":544,"column":41}},{"start":{"line":545,"column":13},"end":{"line":545,"column":41}},{"start":{"line":545,"column":45},"end":{"line":545,"column":82}},{"start":{"line":545,"column":86},"end":{"line":545,"column":123}}],"line":544},"16":{"loc":{"start":{"line":549,"column":8},"end":{"line":551,"column":9}},"type":"if","locations":[{"start":{"line":549,"column":8},"end":{"line":551,"column":9}},{"start":{},"end":{}}],"line":549},"17":{"loc":{"start":{"line":553,"column":8},"end":{"line":555,"column":9}},"type":"if","locations":[{"start":{"line":553,"column":8},"end":{"line":555,"column":9}},{"start":{},"end":{}}],"line":553},"18":{"loc":{"start":{"line":553,"column":12},"end":{"line":553,"column":92}},"type":"binary-expr","locations":[{"start":{"line":553,"column":12},"end":{"line":553,"column":52}},{"start":{"line":553,"column":56},"end":{"line":553,"column":92}}],"line":553},"19":{"loc":{"start":{"line":557,"column":8},"end":{"line":560,"column":9}},"type":"if","locations":[{"start":{"line":557,"column":8},"end":{"line":560,"column":9}},{"start":{},"end":{}}],"line":557},"20":{"loc":{"start":{"line":557,"column":12},"end":{"line":558,"column":82}},"type":"binary-expr","locations":[{"start":{"line":557,"column":12},"end":{"line":557,"column":42}},{"start":{"line":558,"column":13},"end":{"line":558,"column":42}},{"start":{"line":558,"column":46},"end":{"line":558,"column":81}}],"line":557},"21":{"loc":{"start":{"line":562,"column":8},"end":{"line":565,"column":9}},"type":"if","locations":[{"start":{"line":562,"column":8},"end":{"line":565,"column":9}},{"start":{},"end":{}}],"line":562},"22":{"loc":{"start":{"line":562,"column":12},"end":{"line":563,"column":115}},"type":"binary-expr","locations":[{"start":{"line":562,"column":12},"end":{"line":562,"column":38}},{"start":{"line":563,"column":13},"end":{"line":563,"column":38}},{"start":{"line":563,"column":42},"end":{"line":563,"column":76}},{"start":{"line":563,"column":80},"end":{"line":563,"column":114}}],"line":562},"23":{"loc":{"start":{"line":570,"column":8},"end":{"line":570,"column":33}},"type":"if","locations":[{"start":{"line":570,"column":8},"end":{"line":570,"column":33}},{"start":{},"end":{}}],"line":570},"24":{"loc":{"start":{"line":588,"column":12},"end":{"line":592,"column":13}},"type":"if","locations":[{"start":{"line":588,"column":12},"end":{"line":592,"column":13}},{"start":{},"end":{}}],"line":588},"25":{"loc":{"start":{"line":594,"column":12},"end":{"line":599,"column":13}},"type":"if","locations":[{"start":{"line":594,"column":12},"end":{"line":599,"column":13}},{"start":{},"end":{}}],"line":594},"26":{"loc":{"start":{"line":594,"column":16},"end":{"line":594,"column":110}},"type":"binary-expr","locations":[{"start":{"line":594,"column":16},"end":{"line":594,"column":60}},{"start":{"line":594,"column":64},"end":{"line":594,"column":110}}],"line":594},"27":{"loc":{"start":{"line":601,"column":12},"end":{"line":607,"column":13}},"type":"if","locations":[{"start":{"line":601,"column":12},"end":{"line":607,"column":13}},{"start":{},"end":{}}],"line":601},"28":{"loc":{"start":{"line":601,"column":16},"end":{"line":601,"column":115}},"type":"binary-expr","locations":[{"start":{"line":601,"column":16},"end":{"line":601,"column":43}},{"start":{"line":601,"column":47},"end":{"line":601,"column":79}},{"start":{"line":601,"column":83},"end":{"line":601,"column":115}}],"line":601},"29":{"loc":{"start":{"line":609,"column":12},"end":{"line":611,"column":13}},"type":"if","locations":[{"start":{"line":609,"column":12},"end":{"line":611,"column":13}},{"start":{},"end":{}}],"line":609},"30":{"loc":{"start":{"line":613,"column":12},"end":{"line":618,"column":13}},"type":"if","locations":[{"start":{"line":613,"column":12},"end":{"line":618,"column":13}},{"start":{},"end":{}}],"line":613},"31":{"loc":{"start":{"line":613,"column":16},"end":{"line":613,"column":78}},"type":"binary-expr","locations":[{"start":{"line":613,"column":16},"end":{"line":613,"column":44}},{"start":{"line":613,"column":48},"end":{"line":613,"column":78}}],"line":613},"32":{"loc":{"start":{"line":620,"column":12},"end":{"line":626,"column":13}},"type":"if","locations":[{"start":{"line":620,"column":12},"end":{"line":626,"column":13}},{"start":{},"end":{}}],"line":620},"33":{"loc":{"start":{"line":620,"column":16},"end":{"line":620,"column":106}},"type":"binary-expr","locations":[{"start":{"line":620,"column":16},"end":{"line":620,"column":40}},{"start":{"line":620,"column":44},"end":{"line":620,"column":73}},{"start":{"line":620,"column":77},"end":{"line":620,"column":106}}],"line":620},"34":{"loc":{"start":{"line":651,"column":21},"end":{"line":651,"column":79}},"type":"binary-expr","locations":[{"start":{"line":651,"column":21},"end":{"line":651,"column":34}},{"start":{"line":651,"column":38},"end":{"line":651,"column":79}}],"line":651},"35":{"loc":{"start":{"line":660,"column":13},"end":{"line":660,"column":61}},"type":"binary-expr","locations":[{"start":{"line":660,"column":13},"end":{"line":660,"column":18}},{"start":{"line":660,"column":22},"end":{"line":660,"column":61}}],"line":660},"36":{"loc":{"start":{"line":691,"column":25},"end":{"line":704,"column":25}},"type":"binary-expr","locations":[{"start":{"line":691,"column":25},"end":{"line":691,"column":64}},{"start":{"line":692,"column":28},"end":{"line":703,"column":30}}],"line":691},"37":{"loc":{"start":{"line":706,"column":25},"end":{"line":726,"column":25}},"type":"binary-expr","locations":[{"start":{"line":706,"column":25},"end":{"line":706,"column":71}},{"start":{"line":707,"column":28},"end":{"line":725,"column":31}}],"line":706},"38":{"loc":{"start":{"line":727,"column":25},"end":{"line":756,"column":25}},"type":"binary-expr","locations":[{"start":{"line":727,"column":25},"end":{"line":727,"column":54}},{"start":{"line":728,"column":28},"end":{"line":755,"column":31}}],"line":727},"39":{"loc":{"start":{"line":774,"column":25},"end":{"line":784,"column":25}},"type":"binary-expr","locations":[{"start":{"line":774,"column":25},"end":{"line":774,"column":65}},{"start":{"line":775,"column":28},"end":{"line":783,"column":30}}],"line":774},"40":{"loc":{"start":{"line":785,"column":25},"end":{"line":805,"column":25}},"type":"binary-expr","locations":[{"start":{"line":785,"column":25},"end":{"line":785,"column":55}},{"start":{"line":786,"column":28},"end":{"line":804,"column":31}}],"line":785},"41":{"loc":{"start":{"line":806,"column":25},"end":{"line":835,"column":25}},"type":"binary-expr","locations":[{"start":{"line":806,"column":25},"end":{"line":806,"column":51}},{"start":{"line":807,"column":28},"end":{"line":834,"column":31}}],"line":806}},"s":{"0":19,"1":19,"2":19,"3":19,"4":9,"5":9,"6":0,"7":0,"8":0,"9":9,"10":0,"11":0,"12":0,"13":0,"14":0,"15":0,"16":9,"17":9,"18":19,"19":3,"20":1,"21":2,"22":1,"23":1,"24":0,"25":1,"26":0,"27":1,"28":0,"29":1,"30":1,"31":0,"32":0,"33":0,"34":0,"35":0,"36":0,"37":0,"38":0,"39":19,"40":3,"41":3,"42":0,"43":3,"44":3,"45":3,"46":3,"47":0,"48":0,"49":0,"50":0,"51":0,"52":0,"53":0,"54":0,"55":0,"56":0,"57":0,"58":0,"59":0,"60":0,"61":0,"62":0,"63":3,"64":3,"65":3,"66":19,"67":2,"68":0},"f":{"0":19,"1":9,"2":0,"3":0,"4":0,"5":9,"6":3,"7":3,"8":2,"9":0},"b":{"0":[0,9],"1":[0,0],"2":[0,9],"3":[0,0],"4":[0,0],"5":[3,6],"6":[1,2],"7":[3,2,2],"8":[1,1],"9":[0,1],"10":[0,1],"11":[1,0],"12":[0,1],"13":[1,0,0],"14":[1,0],"15":[1,1,0,0],"16":[0,0],"17":[0,0],"18":[0,0],"19":[0,0],"20":[0,0,0],"21":[0,0],"22":[0,0,0,0],"23":[0,3],"24":[0,0],"25":[0,0],"26":[0,0],"27":[0,0],"28":[0,0,0],"29":[0,0],"30":[0,0],"31":[0,0],"32":[0,0],"33":[0,0,0],"34":[3,0],"35":[19,3],"36":[19,1],"37":[19,0],"38":[19,2],"39":[19,0],"40":[19,0],"41":[19,0]},"_coverageSchema":"1a1c01bbd47fc00a2c39e90264f33305004495a9","hash":"ea4c35aaed99a96e85a45e8258acba0e6a69a767"}
,"/home/aditi/Promo-Engine/src/components/header/header.jsx": {"path":"/home/aditi/Promo-Engine/src/components/header/header.jsx","statementMap":{"0":{"start":{"line":8,"column":14},"end":{"line":8,"column":33}},"1":{"start":{"line":11,"column":36},"end":{"line":11,"column":50}},"2":{"start":{"line":12,"column":17},"end":{"line":12,"column":34}},"3":{"start":{"line":14,"column":24},"end":{"line":16,"column":5}},"4":{"start":{"line":15,"column":8},"end":{"line":15,"column":41}},"5":{"start":{"line":18,"column":24},"end":{"line":20,"column":5}},"6":{"start":{"line":19,"column":8},"end":{"line":19,"column":26}},"7":{"start":{"line":22,"column":4},"end":{"line":65,"column":6}}},"fnMap":{"0":{"name":"Header","decl":{"start":{"line":10,"column":9},"end":{"line":10,"column":15}},"loc":{"start":{"line":10,"column":18},"end":{"line":66,"column":1}},"line":10},"1":{"name":"(anonymous_1)","decl":{"start":{"line":14,"column":24},"end":{"line":14,"column":25}},"loc":{"start":{"line":14,"column":35},"end":{"line":16,"column":5}},"line":14},"2":{"name":"(anonymous_2)","decl":{"start":{"line":18,"column":24},"end":{"line":18,"column":25}},"loc":{"start":{"line":18,"column":30},"end":{"line":20,"column":5}},"line":18}},"branchMap":{},"s":{"0":2,"1":7,"2":7,"3":7,"4":2,"5":7,"6":2,"7":7},"f":{"0":7,"1":2,"2":2},"b":{},"_coverageSchema":"1a1c01bbd47fc00a2c39e90264f33305004495a9","hash":"39254920de6a749fd301d8438177b54fbe6ffb7c"}
,"/home/aditi/Promo-Engine/src/components/homePage/CustomizedTables.jsx": {"path":"/home/aditi/Promo-Engine/src/components/homePage/CustomizedTables.jsx","statementMap":{"0":{"start":{"line":13,"column":24},"end":{"line":21,"column":3}},"1":{"start":{"line":13,"column":58},"end":{"line":21,"column":1}},"2":{"start":{"line":23,"column":23},"end":{"line":30,"column":3}},"3":{"start":{"line":23,"column":56},"end":{"line":30,"column":1}},"4":{"start":{"line":32,"column":23},"end":{"line":37,"column":3}},"5":{"start":{"line":32,"column":56},"end":{"line":37,"column":1}},"6":{"start":{"line":39,"column":25},"end":{"line":77,"column":1}},"7":{"start":{"line":40,"column":2},"end":{"line":42,"column":3}},"8":{"start":{"line":41,"column":4},"end":{"line":41,"column":47}},"9":{"start":{"line":43,"column":2},"end":{"line":43,"column":49}},"10":{"start":{"line":50,"column":2},"end":{"line":53,"column":3}},"11":{"start":{"line":51,"column":23},"end":{"line":51,"column":48}},"12":{"start":{"line":52,"column":4},"end":{"line":52,"column":71}},"13":{"start":{"line":55,"column":2},"end":{"line":63,"column":3}},"14":{"start":{"line":56,"column":33},"end":{"line":56,"column":65}},"15":{"start":{"line":57,"column":4},"end":{"line":62,"column":6}},"16":{"start":{"line":65,"column":2},"end":{"line":74,"column":3}},"17":{"start":{"line":66,"column":49},"end":{"line":66,"column":64}},"18":{"start":{"line":67,"column":4},"end":{"line":73,"column":6}},"19":{"start":{"line":76,"column":2},"end":{"line":76,"column":49}},"20":{"start":{"line":80,"column":25},"end":{"line":180,"column":1}},"21":{"start":{"line":81,"column":42},"end":{"line":81,"column":61}},"22":{"start":{"line":82,"column":36},"end":{"line":82,"column":51}},"23":{"start":{"line":84,"column":26},"end":{"line":92,"column":3}},"24":{"start":{"line":85,"column":24},"end":{"line":85,"column":36}},"25":{"start":{"line":86,"column":4},"end":{"line":90,"column":5}},"26":{"start":{"line":87,"column":6},"end":{"line":87,"column":59}},"27":{"start":{"line":87,"column":48},"end":{"line":87,"column":55}},"28":{"start":{"line":89,"column":6},"end":{"line":89,"column":33}},"29":{"start":{"line":91,"column":4},"end":{"line":91,"column":26}},"30":{"start":{"line":94,"column":31},"end":{"line":98,"column":3}},"31":{"start":{"line":95,"column":4},"end":{"line":95,"column":49}},"32":{"start":{"line":95,"column":31},"end":{"line":95,"column":47}},"33":{"start":{"line":96,"column":4},"end":{"line":96,"column":31}},"34":{"start":{"line":97,"column":4},"end":{"line":97,"column":24}},"35":{"start":{"line":100,"column":2},"end":{"line":179,"column":4}},"36":{"start":{"line":132,"column":14},"end":{"line":173,"column":31}},"37":{"start":{"line":137,"column":22},"end":{"line":146,"column":25}},"38":{"start":{"line":138,"column":45},"end":{"line":138,"column":58}},"39":{"start":{"line":139,"column":24},"end":{"line":143,"column":25}},"40":{"start":{"line":140,"column":26},"end":{"line":140,"column":55}},"41":{"start":{"line":142,"column":26},"end":{"line":142,"column":52}},"42":{"start":{"line":144,"column":24},"end":{"line":144,"column":73}},"43":{"start":{"line":145,"column":24},"end":{"line":145,"column":44}},"44":{"start":{"line":165,"column":37},"end":{"line":165,"column":58}}},"fnMap":{"0":{"name":"(anonymous_0)","decl":{"start":{"line":13,"column":42},"end":{"line":13,"column":43}},"loc":{"start":{"line":13,"column":58},"end":{"line":21,"column":1}},"line":13},"1":{"name":"(anonymous_1)","decl":{"start":{"line":23,"column":40},"end":{"line":23,"column":41}},"loc":{"start":{"line":23,"column":56},"end":{"line":30,"column":1}},"line":23},"2":{"name":"(anonymous_2)","decl":{"start":{"line":32,"column":40},"end":{"line":32,"column":41}},"loc":{"start":{"line":32,"column":56},"end":{"line":37,"column":1}},"line":32},"3":{"name":"(anonymous_3)","decl":{"start":{"line":39,"column":25},"end":{"line":39,"column":26}},"loc":{"start":{"line":39,"column":41},"end":{"line":77,"column":1}},"line":39},"4":{"name":"(anonymous_4)","decl":{"start":{"line":80,"column":25},"end":{"line":80,"column":26}},"loc":{"start":{"line":80,"column":54},"end":{"line":180,"column":1}},"line":80},"5":{"name":"(anonymous_5)","decl":{"start":{"line":84,"column":26},"end":{"line":84,"column":27}},"loc":{"start":{"line":84,"column":37},"end":{"line":92,"column":3}},"line":84},"6":{"name":"(anonymous_6)","decl":{"start":{"line":87,"column":40},"end":{"line":87,"column":41}},"loc":{"start":{"line":87,"column":48},"end":{"line":87,"column":55}},"line":87},"7":{"name":"(anonymous_7)","decl":{"start":{"line":94,"column":31},"end":{"line":94,"column":32}},"loc":{"start":{"line":94,"column":37},"end":{"line":98,"column":3}},"line":94},"8":{"name":"(anonymous_8)","decl":{"start":{"line":95,"column":25},"end":{"line":95,"column":26}},"loc":{"start":{"line":95,"column":31},"end":{"line":95,"column":47}},"line":95},"9":{"name":"(anonymous_9)","decl":{"start":{"line":131,"column":23},"end":{"line":131,"column":24}},"loc":{"start":{"line":132,"column":14},"end":{"line":173,"column":31}},"line":132},"10":{"name":"(anonymous_10)","decl":{"start":{"line":136,"column":30},"end":{"line":136,"column":31}},"loc":{"start":{"line":136,"column":36},"end":{"line":147,"column":21}},"line":136},"11":{"name":"(anonymous_11)","decl":{"start":{"line":137,"column":38},"end":{"line":137,"column":39}},"loc":{"start":{"line":137,"column":48},"end":{"line":146,"column":23}},"line":137},"12":{"name":"(anonymous_12)","decl":{"start":{"line":165,"column":31},"end":{"line":165,"column":32}},"loc":{"start":{"line":165,"column":37},"end":{"line":165,"column":58}},"line":165}},"branchMap":{"0":{"loc":{"start":{"line":40,"column":2},"end":{"line":42,"column":3}},"type":"if","locations":[{"start":{"line":40,"column":2},"end":{"line":42,"column":3}},{"start":{},"end":{}}],"line":40},"1":{"loc":{"start":{"line":50,"column":2},"end":{"line":53,"column":3}},"type":"if","locations":[{"start":{"line":50,"column":2},"end":{"line":53,"column":3}},{"start":{},"end":{}}],"line":50},"2":{"loc":{"start":{"line":50,"column":6},"end":{"line":50,"column":80}},"type":"binary-expr","locations":[{"start":{"line":50,"column":6},"end":{"line":50,"column":31}},{"start":{"line":50,"column":35},"end":{"line":50,"column":80}}],"line":50},"3":{"loc":{"start":{"line":55,"column":2},"end":{"line":63,"column":3}},"type":"if","locations":[{"start":{"line":55,"column":2},"end":{"line":63,"column":3}},{"start":{},"end":{}}],"line":55},"4":{"loc":{"start":{"line":65,"column":2},"end":{"line":74,"column":3}},"type":"if","locations":[{"start":{"line":65,"column":2},"end":{"line":74,"column":3}},{"start":{},"end":{}}],"line":65},"5":{"loc":{"start":{"line":86,"column":4},"end":{"line":90,"column":5}},"type":"if","locations":[{"start":{"line":86,"column":4},"end":{"line":90,"column":5}},{"start":{"line":88,"column":11},"end":{"line":90,"column":5}}],"line":86},"6":{"loc":{"start":{"line":139,"column":24},"end":{"line":143,"column":25}},"type":"if","locations":[{"start":{"line":139,"column":24},"end":{"line":143,"column":25}},{"start":{"line":141,"column":31},"end":{"line":143,"column":25}}],"line":139}},"s":{"0":2,"1":175,"2":2,"3":16,"4":2,"5":9,"6":2,"7":16,"8":0,"9":16,"10":16,"11":0,"12":0,"13":16,"14":0,"15":0,"16":16,"17":0,"18":0,"19":16,"20":2,"21":9,"22":9,"23":9,"24":2,"25":2,"26":1,"27":2,"28":1,"29":2,"30":9,"31":1,"32":1,"33":1,"34":1,"35":9,"36":16,"37":1,"38":1,"39":1,"40":0,"41":1,"42":1,"43":1,"44":0},"f":{"0":175,"1":16,"2":9,"3":16,"4":9,"5":2,"6":2,"7":1,"8":1,"9":16,"10":1,"11":1,"12":0},"b":{"0":[0,16],"1":[0,16],"2":[16,0],"3":[0,16],"4":[0,16],"5":[1,1],"6":[0,1]},"_coverageSchema":"1a1c01bbd47fc00a2c39e90264f33305004495a9","hash":"296a1d0b99c722330aecf2d9b6c04f4b51247c14"}
,"/home/aditi/Promo-Engine/src/components/homePage/EditRulePage.jsx": {"path":"/home/aditi/Promo-Engine/src/components/homePage/EditRulePage.jsx","statementMap":{"0":{"start":{"line":9,"column":19},"end":{"line":9,"column":30}},"1":{"start":{"line":10,"column":21},"end":{"line":10,"column":34}},"2":{"start":{"line":11,"column":28},"end":{"line":11,"column":42}},"3":{"start":{"line":12,"column":30},"end":{"line":12,"column":44}},"4":{"start":{"line":13,"column":34},"end":{"line":13,"column":48}},"5":{"start":{"line":14,"column":21},"end":{"line":14,"column":27}},"6":{"start":{"line":16,"column":4},"end":{"line":33,"column":13}},"7":{"start":{"line":17,"column":25},"end":{"line":30,"column":9}},"8":{"start":{"line":18,"column":12},"end":{"line":29,"column":13}},"9":{"start":{"line":19,"column":33},"end":{"line":19,"column":65}},"10":{"start":{"line":20,"column":29},"end":{"line":20,"column":42}},"11":{"start":{"line":21,"column":16},"end":{"line":25,"column":19}},"12":{"start":{"line":27,"column":16},"end":{"line":27,"column":61}},"13":{"start":{"line":28,"column":16},"end":{"line":28,"column":57}},"14":{"start":{"line":32,"column":8},"end":{"line":32,"column":19}},"15":{"start":{"line":35,"column":25},"end":{"line":41,"column":5}},"16":{"start":{"line":36,"column":32},"end":{"line":36,"column":40}},"17":{"start":{"line":37,"column":8},"end":{"line":40,"column":12}},"18":{"start":{"line":37,"column":27},"end":{"line":40,"column":9}},"19":{"start":{"line":43,"column":35},"end":{"line":55,"column":5}},"20":{"start":{"line":44,"column":32},"end":{"line":44,"column":40}},"21":{"start":{"line":45,"column":8},"end":{"line":54,"column":12}},"22":{"start":{"line":45,"column":27},"end":{"line":54,"column":9}},"23":{"start":{"line":57,"column":32},"end":{"line":69,"column":5}},"24":{"start":{"line":58,"column":32},"end":{"line":58,"column":40}},"25":{"start":{"line":59,"column":8},"end":{"line":68,"column":12}},"26":{"start":{"line":59,"column":27},"end":{"line":68,"column":9}},"27":{"start":{"line":71,"column":25},"end":{"line":98,"column":5}},"28":{"start":{"line":72,"column":8},"end":{"line":97,"column":9}},"29":{"start":{"line":73,"column":38},"end":{"line":76,"column":18}},"30":{"start":{"line":74,"column":16},"end":{"line":74,"column":62}},"31":{"start":{"line":75,"column":16},"end":{"line":75,"column":27}},"32":{"start":{"line":78,"column":35},"end":{"line":81,"column":18}},"33":{"start":{"line":79,"column":16},"end":{"line":79,"column":59}},"34":{"start":{"line":80,"column":16},"end":{"line":80,"column":27}},"35":{"start":{"line":83,"column":32},"end":{"line":87,"column":13}},"36":{"start":{"line":89,"column":12},"end":{"line":89,"column":55}},"37":{"start":{"line":90,"column":12},"end":{"line":90,"column":53}},"38":{"start":{"line":91,"column":12},"end":{"line":91,"column":27}},"39":{"start":{"line":92,"column":12},"end":{"line":92,"column":50}},"40":{"start":{"line":92,"column":29},"end":{"line":92,"column":42}},"41":{"start":{"line":94,"column":12},"end":{"line":94,"column":57}},"42":{"start":{"line":95,"column":12},"end":{"line":95,"column":45}},"43":{"start":{"line":96,"column":12},"end":{"line":96,"column":29}},"44":{"start":{"line":100,"column":4},"end":{"line":102,"column":5}},"45":{"start":{"line":101,"column":8},"end":{"line":101,"column":37}},"46":{"start":{"line":105,"column":35},"end":{"line":140,"column":5}},"47":{"start":{"line":106,"column":8},"end":{"line":139,"column":11}},"48":{"start":{"line":107,"column":26},"end":{"line":107,"column":41}},"49":{"start":{"line":108,"column":12},"end":{"line":127,"column":13}},"50":{"start":{"line":109,"column":16},"end":{"line":126,"column":18}},"51":{"start":{"line":115,"column":28},"end":{"line":123,"column":30}},"52":{"start":{"line":120,"column":49},"end":{"line":120,"column":79}},"53":{"start":{"line":128,"column":12},"end":{"line":138,"column":14}},"54":{"start":{"line":134,"column":37},"end":{"line":134,"column":67}},"55":{"start":{"line":143,"column":32},"end":{"line":178,"column":5}},"56":{"start":{"line":144,"column":8},"end":{"line":177,"column":11}},"57":{"start":{"line":145,"column":26},"end":{"line":145,"column":38}},"58":{"start":{"line":146,"column":12},"end":{"line":165,"column":13}},"59":{"start":{"line":147,"column":16},"end":{"line":164,"column":18}},"60":{"start":{"line":153,"column":28},"end":{"line":161,"column":30}},"61":{"start":{"line":158,"column":49},"end":{"line":158,"column":76}},"62":{"start":{"line":166,"column":12},"end":{"line":176,"column":14}},"63":{"start":{"line":172,"column":37},"end":{"line":172,"column":64}},"64":{"start":{"line":180,"column":4},"end":{"line":235,"column":6}},"65":{"start":{"line":229,"column":95},"end":{"line":229,"column":108}}},"fnMap":{"0":{"name":"EditRulePage","decl":{"start":{"line":8,"column":9},"end":{"line":8,"column":21}},"loc":{"start":{"line":8,"column":24},"end":{"line":236,"column":1}},"line":8},"1":{"name":"(anonymous_1)","decl":{"start":{"line":16,"column":14},"end":{"line":16,"column":15}},"loc":{"start":{"line":16,"column":20},"end":{"line":33,"column":5}},"line":16},"2":{"name":"(anonymous_2)","decl":{"start":{"line":17,"column":25},"end":{"line":17,"column":26}},"loc":{"start":{"line":17,"column":37},"end":{"line":30,"column":9}},"line":17},"3":{"name":"(anonymous_3)","decl":{"start":{"line":35,"column":25},"end":{"line":35,"column":26}},"loc":{"start":{"line":35,"column":32},"end":{"line":41,"column":5}},"line":35},"4":{"name":"(anonymous_4)","decl":{"start":{"line":37,"column":16},"end":{"line":37,"column":17}},"loc":{"start":{"line":37,"column":27},"end":{"line":40,"column":9}},"line":37},"5":{"name":"(anonymous_5)","decl":{"start":{"line":43,"column":35},"end":{"line":43,"column":36}},"loc":{"start":{"line":43,"column":47},"end":{"line":55,"column":5}},"line":43},"6":{"name":"(anonymous_6)","decl":{"start":{"line":45,"column":16},"end":{"line":45,"column":17}},"loc":{"start":{"line":45,"column":27},"end":{"line":54,"column":9}},"line":45},"7":{"name":"(anonymous_7)","decl":{"start":{"line":57,"column":32},"end":{"line":57,"column":33}},"loc":{"start":{"line":57,"column":44},"end":{"line":69,"column":5}},"line":57},"8":{"name":"(anonymous_8)","decl":{"start":{"line":59,"column":16},"end":{"line":59,"column":17}},"loc":{"start":{"line":59,"column":27},"end":{"line":68,"column":9}},"line":59},"9":{"name":"(anonymous_9)","decl":{"start":{"line":71,"column":25},"end":{"line":71,"column":26}},"loc":{"start":{"line":71,"column":37},"end":{"line":98,"column":5}},"line":71},"10":{"name":"(anonymous_10)","decl":{"start":{"line":73,"column":74},"end":{"line":73,"column":75}},"loc":{"start":{"line":73,"column":88},"end":{"line":76,"column":13}},"line":73},"11":{"name":"(anonymous_11)","decl":{"start":{"line":78,"column":68},"end":{"line":78,"column":69}},"loc":{"start":{"line":78,"column":82},"end":{"line":81,"column":13}},"line":78},"12":{"name":"(anonymous_12)","decl":{"start":{"line":92,"column":23},"end":{"line":92,"column":24}},"loc":{"start":{"line":92,"column":29},"end":{"line":92,"column":42}},"line":92},"13":{"name":"(anonymous_13)","decl":{"start":{"line":105,"column":35},"end":{"line":105,"column":36}},"loc":{"start":{"line":105,"column":51},"end":{"line":140,"column":5}},"line":105},"14":{"name":"(anonymous_14)","decl":{"start":{"line":106,"column":43},"end":{"line":106,"column":44}},"loc":{"start":{"line":106,"column":50},"end":{"line":139,"column":9}},"line":106},"15":{"name":"(anonymous_15)","decl":{"start":{"line":114,"column":48},"end":{"line":114,"column":49}},"loc":{"start":{"line":115,"column":28},"end":{"line":123,"column":30}},"line":115},"16":{"name":"(anonymous_16)","decl":{"start":{"line":120,"column":42},"end":{"line":120,"column":43}},"loc":{"start":{"line":120,"column":49},"end":{"line":120,"column":79}},"line":120},"17":{"name":"(anonymous_17)","decl":{"start":{"line":134,"column":30},"end":{"line":134,"column":31}},"loc":{"start":{"line":134,"column":37},"end":{"line":134,"column":67}},"line":134},"18":{"name":"(anonymous_18)","decl":{"start":{"line":143,"column":32},"end":{"line":143,"column":33}},"loc":{"start":{"line":143,"column":45},"end":{"line":178,"column":5}},"line":143},"19":{"name":"(anonymous_19)","decl":{"start":{"line":144,"column":40},"end":{"line":144,"column":41}},"loc":{"start":{"line":144,"column":47},"end":{"line":177,"column":9}},"line":144},"20":{"name":"(anonymous_20)","decl":{"start":{"line":152,"column":48},"end":{"line":152,"column":49}},"loc":{"start":{"line":153,"column":28},"end":{"line":161,"column":30}},"line":153},"21":{"name":"(anonymous_21)","decl":{"start":{"line":158,"column":42},"end":{"line":158,"column":43}},"loc":{"start":{"line":158,"column":49},"end":{"line":158,"column":76}},"line":158},"22":{"name":"(anonymous_22)","decl":{"start":{"line":172,"column":30},"end":{"line":172,"column":31}},"loc":{"start":{"line":172,"column":37},"end":{"line":172,"column":64}},"line":172},"23":{"name":"(anonymous_23)","decl":{"start":{"line":229,"column":89},"end":{"line":229,"column":90}},"loc":{"start":{"line":229,"column":95},"end":{"line":229,"column":108}},"line":229}},"branchMap":{"0":{"loc":{"start":{"line":23,"column":32},"end":{"line":23,"column":53}},"type":"binary-expr","locations":[{"start":{"line":23,"column":32},"end":{"line":23,"column":47}},{"start":{"line":23,"column":51},"end":{"line":23,"column":53}}],"line":23},"1":{"loc":{"start":{"line":24,"column":29},"end":{"line":24,"column":47}},"type":"binary-expr","locations":[{"start":{"line":24,"column":29},"end":{"line":24,"column":41}},{"start":{"line":24,"column":45},"end":{"line":24,"column":47}}],"line":24},"2":{"loc":{"start":{"line":100,"column":4},"end":{"line":102,"column":5}},"type":"if","locations":[{"start":{"line":100,"column":4},"end":{"line":102,"column":5}},{"start":{},"end":{}}],"line":100},"3":{"loc":{"start":{"line":108,"column":12},"end":{"line":127,"column":13}},"type":"if","locations":[{"start":{"line":108,"column":12},"end":{"line":127,"column":13}},{"start":{},"end":{}}],"line":108},"4":{"loc":{"start":{"line":108,"column":16},"end":{"line":108,"column":59}},"type":"binary-expr","locations":[{"start":{"line":108,"column":16},"end":{"line":108,"column":41}},{"start":{"line":108,"column":45},"end":{"line":108,"column":59}}],"line":108},"5":{"loc":{"start":{"line":119,"column":39},"end":{"line":119,"column":58}},"type":"binary-expr","locations":[{"start":{"line":119,"column":39},"end":{"line":119,"column":52}},{"start":{"line":119,"column":56},"end":{"line":119,"column":58}}],"line":119},"6":{"loc":{"start":{"line":133,"column":27},"end":{"line":133,"column":38}},"type":"binary-expr","locations":[{"start":{"line":133,"column":27},"end":{"line":133,"column":32}},{"start":{"line":133,"column":36},"end":{"line":133,"column":38}}],"line":133},"7":{"loc":{"start":{"line":146,"column":12},"end":{"line":165,"column":13}},"type":"if","locations":[{"start":{"line":146,"column":12},"end":{"line":165,"column":13}},{"start":{},"end":{}}],"line":146},"8":{"loc":{"start":{"line":146,"column":16},"end":{"line":146,"column":59}},"type":"binary-expr","locations":[{"start":{"line":146,"column":16},"end":{"line":146,"column":41}},{"start":{"line":146,"column":45},"end":{"line":146,"column":59}}],"line":146},"9":{"loc":{"start":{"line":157,"column":39},"end":{"line":157,"column":58}},"type":"binary-expr","locations":[{"start":{"line":157,"column":39},"end":{"line":157,"column":52}},{"start":{"line":157,"column":56},"end":{"line":157,"column":58}}],"line":157},"10":{"loc":{"start":{"line":171,"column":27},"end":{"line":171,"column":38}},"type":"binary-expr","locations":[{"start":{"line":171,"column":27},"end":{"line":171,"column":32}},{"start":{"line":171,"column":36},"end":{"line":171,"column":38}}],"line":171},"11":{"loc":{"start":{"line":185,"column":13},"end":{"line":185,"column":61}},"type":"binary-expr","locations":[{"start":{"line":185,"column":13},"end":{"line":185,"column":18}},{"start":{"line":185,"column":22},"end":{"line":185,"column":61}}],"line":185},"12":{"loc":{"start":{"line":186,"column":13},"end":{"line":186,"column":67}},"type":"binary-expr","locations":[{"start":{"line":186,"column":13},"end":{"line":186,"column":20}},{"start":{"line":186,"column":24},"end":{"line":186,"column":67}}],"line":186},"13":{"loc":{"start":{"line":191,"column":27},"end":{"line":191,"column":42}},"type":"binary-expr","locations":[{"start":{"line":191,"column":27},"end":{"line":191,"column":36}},{"start":{"line":191,"column":40},"end":{"line":191,"column":42}}],"line":191},"14":{"loc":{"start":{"line":200,"column":27},"end":{"line":200,"column":46}},"type":"binary-expr","locations":[{"start":{"line":200,"column":27},"end":{"line":200,"column":40}},{"start":{"line":200,"column":44},"end":{"line":200,"column":46}}],"line":200},"15":{"loc":{"start":{"line":209,"column":31},"end":{"line":209,"column":48}},"type":"binary-expr","locations":[{"start":{"line":209,"column":31},"end":{"line":209,"column":42}},{"start":{"line":209,"column":46},"end":{"line":209,"column":48}}],"line":209}},"s":{"0":8,"1":7,"2":7,"3":7,"4":7,"5":7,"6":7,"7":3,"8":3,"9":3,"10":3,"11":3,"12":0,"13":0,"14":3,"15":7,"16":2,"17":2,"18":2,"19":7,"20":0,"21":0,"22":0,"23":7,"24":0,"25":0,"26":0,"27":7,"28":0,"29":0,"30":0,"31":0,"32":0,"33":0,"34":0,"35":0,"36":0,"37":0,"38":0,"39":0,"40":0,"41":0,"42":0,"43":0,"44":7,"45":3,"46":4,"47":4,"48":1,"49":1,"50":1,"51":1,"52":0,"53":0,"54":0,"55":4,"56":4,"57":1,"58":1,"59":1,"60":1,"61":0,"62":0,"63":0,"64":4,"65":0},"f":{"0":8,"1":3,"2":3,"3":2,"4":2,"5":0,"6":0,"7":0,"8":0,"9":0,"10":0,"11":0,"12":0,"13":4,"14":1,"15":1,"16":0,"17":0,"18":4,"19":1,"20":1,"21":0,"22":0,"23":0},"b":{"0":[3,1],"1":[3,1],"2":[3,4],"3":[1,0],"4":[1,1],"5":[1,0],"6":[0,0],"7":[1,0],"8":[1,1],"9":[1,0],"10":[0,0],"11":[4,0],"12":[4,0],"13":[4,0],"14":[4,0],"15":[4,4]},"_coverageSchema":"1a1c01bbd47fc00a2c39e90264f33305004495a9","hash":"2cff496da39451f1425c46a9fec14d1d1646ffae"}
,"/home/aditi/Promo-Engine/src/components/testorder/AnalysisTable.jsx": {"path":"/home/aditi/Promo-Engine/src/components/testorder/AnalysisTable.jsx","statementMap":{"0":{"start":{"line":11,"column":29},"end":{"line":11,"column":33}},"1":{"start":{"line":13,"column":4},"end":{"line":41,"column":6}},"2":{"start":{"line":26,"column":37},"end":{"line":26,"column":49}},"3":{"start":{"line":27,"column":24},"end":{"line":36,"column":26}}},"fnMap":{"0":{"name":"AnalysisTable","decl":{"start":{"line":10,"column":9},"end":{"line":10,"column":22}},"loc":{"start":{"line":10,"column":33},"end":{"line":42,"column":1}},"line":10},"1":{"name":"(anonymous_1)","decl":{"start":{"line":25,"column":38},"end":{"line":25,"column":39}},"loc":{"start":{"line":25,"column":58},"end":{"line":37,"column":21}},"line":25}},"branchMap":{},"s":{"0":1,"1":1,"2":1,"3":1},"f":{"0":1,"1":1},"b":{},"_coverageSchema":"1a1c01bbd47fc00a2c39e90264f33305004495a9","hash":"e587482d2fe88703cfac0c60ec18c596d164f80e"}
,"/home/aditi/Promo-Engine/src/components/testorder/TestForm.jsx": {"path":"/home/aditi/Promo-Engine/src/components/testorder/TestForm.jsx","statementMap":{"0":{"start":{"line":7,"column":36},"end":{"line":7,"column":50}},"1":{"start":{"line":8,"column":30},"end":{"line":8,"column":44}},"2":{"start":{"line":9,"column":34},"end":{"line":9,"column":49}},"3":{"start":{"line":11,"column":23},"end":{"line":23,"column":5}},"4":{"start":{"line":12,"column":8},"end":{"line":12,"column":25}},"5":{"start":{"line":13,"column":8},"end":{"line":13,"column":23}},"6":{"start":{"line":14,"column":8},"end":{"line":14,"column":26}},"7":{"start":{"line":15,"column":8},"end":{"line":22,"column":9}},"8":{"start":{"line":16,"column":29},"end":{"line":16,"column":56}},"9":{"start":{"line":17,"column":12},"end":{"line":17,"column":39}},"10":{"start":{"line":19,"column":12},"end":{"line":19,"column":48}},"11":{"start":{"line":21,"column":12},"end":{"line":21,"column":30}},"12":{"start":{"line":25,"column":4},"end":{"line":48,"column":6}},"13":{"start":{"line":30,"column":33},"end":{"line":30,"column":59}}},"fnMap":{"0":{"name":"TestForm","decl":{"start":{"line":6,"column":9},"end":{"line":6,"column":17}},"loc":{"start":{"line":6,"column":57},"end":{"line":49,"column":1}},"line":6},"1":{"name":"(anonymous_1)","decl":{"start":{"line":11,"column":23},"end":{"line":11,"column":24}},"loc":{"start":{"line":11,"column":35},"end":{"line":23,"column":5}},"line":11},"2":{"name":"(anonymous_2)","decl":{"start":{"line":30,"column":26},"end":{"line":30,"column":27}},"loc":{"start":{"line":30,"column":33},"end":{"line":30,"column":59}},"line":30}},"branchMap":{"0":{"loc":{"start":{"line":35,"column":21},"end":{"line":35,"column":79}},"type":"cond-expr","locations":[{"start":{"line":35,"column":31},"end":{"line":35,"column":61}},{"start":{"line":35,"column":64},"end":{"line":35,"column":79}}],"line":35},"1":{"loc":{"start":{"line":42,"column":13},"end":{"line":42,"column":68}},"type":"binary-expr","locations":[{"start":{"line":42,"column":13},"end":{"line":42,"column":18}},{"start":{"line":42,"column":22},"end":{"line":42,"column":68}}],"line":42},"2":{"loc":{"start":{"line":43,"column":13},"end":{"line":45,"column":13}},"type":"binary-expr","locations":[{"start":{"line":43,"column":13},"end":{"line":43,"column":21}},{"start":{"line":43,"column":25},"end":{"line":43,"column":59}},{"start":{"line":44,"column":16},"end":{"line":44,"column":97}}],"line":43},"3":{"loc":{"start":{"line":46,"column":13},"end":{"line":46,"column":94}},"type":"binary-expr","locations":[{"start":{"line":46,"column":13},"end":{"line":46,"column":21}},{"start":{"line":46,"column":25},"end":{"line":46,"column":57}},{"start":{"line":46,"column":61},"end":{"line":46,"column":94}}],"line":46}},"s":{"0":21,"1":21,"2":21,"3":21,"4":5,"5":5,"6":5,"7":5,"8":5,"9":3,"10":2,"11":5,"12":21,"13":3},"f":{"0":21,"1":5,"2":3},"b":{"0":[5,16],"1":[21,2],"2":[21,3,1],"3":[21,3,2]},"_coverageSchema":"1a1c01bbd47fc00a2c39e90264f33305004495a9","hash":"367f0537fec8805951c0bb6975198e1b513d28c0"}
,"/home/aditi/Promo-Engine/src/screens/ConfigPage.jsx": {"path":"/home/aditi/Promo-Engine/src/screens/ConfigPage.jsx","statementMap":{"0":{"start":{"line":9,"column":44},"end":{"line":9,"column":58}},"1":{"start":{"line":10,"column":21},"end":{"line":10,"column":34}},"2":{"start":{"line":12,"column":33},"end":{"line":20,"column":5}},"3":{"start":{"line":13,"column":8},"end":{"line":19,"column":9}},"4":{"start":{"line":14,"column":12},"end":{"line":14,"column":44}},"5":{"start":{"line":15,"column":12},"end":{"line":15,"column":93}},"6":{"start":{"line":17,"column":12},"end":{"line":17,"column":31}},"7":{"start":{"line":18,"column":12},"end":{"line":18,"column":90}},"8":{"start":{"line":24,"column":25},"end":{"line":26,"column":5}},"9":{"start":{"line":25,"column":8},"end":{"line":25,"column":22}},"10":{"start":{"line":28,"column":4},"end":{"line":44,"column":6}},"11":{"start":{"line":35,"column":33},"end":{"line":35,"column":54}}},"fnMap":{"0":{"name":"ConfigPage","decl":{"start":{"line":8,"column":9},"end":{"line":8,"column":19}},"loc":{"start":{"line":8,"column":22},"end":{"line":45,"column":1}},"line":8},"1":{"name":"(anonymous_1)","decl":{"start":{"line":12,"column":33},"end":{"line":12,"column":34}},"loc":{"start":{"line":12,"column":49},"end":{"line":20,"column":5}},"line":12},"2":{"name":"(anonymous_2)","decl":{"start":{"line":24,"column":25},"end":{"line":24,"column":26}},"loc":{"start":{"line":24,"column":31},"end":{"line":26,"column":5}},"line":24},"3":{"name":"(anonymous_3)","decl":{"start":{"line":35,"column":27},"end":{"line":35,"column":28}},"loc":{"start":{"line":35,"column":33},"end":{"line":35,"column":54}},"line":35}},"branchMap":{},"s":{"0":5,"1":5,"2":5,"3":2,"4":2,"5":1,"6":1,"7":1,"8":5,"9":1,"10":5,"11":0},"f":{"0":5,"1":2,"2":1,"3":0},"b":{},"_coverageSchema":"1a1c01bbd47fc00a2c39e90264f33305004495a9","hash":"f93da4050cfff0fea94a1740d61d21efd45bf9d5"}
,"/home/aditi/Promo-Engine/src/screens/EvaluateOrder.jsx": {"path":"/home/aditi/Promo-Engine/src/screens/EvaluateOrder.jsx","statementMap":{"0":{"start":{"line":7,"column":38},"end":{"line":7,"column":50}},"1":{"start":{"line":8,"column":38},"end":{"line":8,"column":52}},"2":{"start":{"line":9,"column":30},"end":{"line":9,"column":44}},"3":{"start":{"line":11,"column":21},"end":{"line":11,"column":34}},"4":{"start":{"line":12,"column":30},"end":{"line":14,"column":5}},"5":{"start":{"line":13,"column":8},"end":{"line":13,"column":41}},"6":{"start":{"line":16,"column":26},"end":{"line":41,"column":5}},"7":{"start":{"line":17,"column":8},"end":{"line":19,"column":9}},"8":{"start":{"line":18,"column":12},"end":{"line":18,"column":46}},"9":{"start":{"line":21,"column":8},"end":{"line":23,"column":9}},"10":{"start":{"line":22,"column":12},"end":{"line":22,"column":70}},"11":{"start":{"line":25,"column":8},"end":{"line":38,"column":9}},"12":{"start":{"line":26,"column":12},"end":{"line":28,"column":13}},"13":{"start":{"line":27,"column":16},"end":{"line":27,"column":63}},"14":{"start":{"line":29,"column":12},"end":{"line":31,"column":13}},"15":{"start":{"line":30,"column":16},"end":{"line":30,"column":60}},"16":{"start":{"line":32,"column":12},"end":{"line":34,"column":13}},"17":{"start":{"line":33,"column":16},"end":{"line":33,"column":85}},"18":{"start":{"line":35,"column":12},"end":{"line":37,"column":13}},"19":{"start":{"line":36,"column":16},"end":{"line":36,"column":82}},"20":{"start":{"line":40,"column":8},"end":{"line":40,"column":20}},"21":{"start":{"line":44,"column":25},"end":{"line":70,"column":5}},"22":{"start":{"line":45,"column":8},"end":{"line":69,"column":9}},"23":{"start":{"line":46,"column":32},"end":{"line":46,"column":53}},"24":{"start":{"line":49,"column":36},"end":{"line":49,"column":62}},"25":{"start":{"line":50,"column":12},"end":{"line":54,"column":13}},"26":{"start":{"line":51,"column":16},"end":{"line":51,"column":42}},"27":{"start":{"line":52,"column":16},"end":{"line":52,"column":35}},"28":{"start":{"line":53,"column":16},"end":{"line":53,"column":23}},"29":{"start":{"line":56,"column":29},"end":{"line":56,"column":61}},"30":{"start":{"line":57,"column":12},"end":{"line":57,"column":40}},"31":{"start":{"line":58,"column":12},"end":{"line":58,"column":27}},"32":{"start":{"line":61,"column":12},"end":{"line":67,"column":13}},"33":{"start":{"line":62,"column":16},"end":{"line":62,"column":80}},"34":{"start":{"line":63,"column":19},"end":{"line":67,"column":13}},"35":{"start":{"line":64,"column":16},"end":{"line":64,"column":75}},"36":{"start":{"line":66,"column":16},"end":{"line":66,"column":73}},"37":{"start":{"line":68,"column":12},"end":{"line":68,"column":31}},"38":{"start":{"line":72,"column":4},"end":{"line":147,"column":6}},"39":{"start":{"line":114,"column":36},"end":{"line":119,"column":47}},"40":{"start":{"line":141,"column":35},"end":{"line":141,"column":48}}},"fnMap":{"0":{"name":"EvaluateOrder","decl":{"start":{"line":6,"column":9},"end":{"line":6,"column":22}},"loc":{"start":{"line":6,"column":25},"end":{"line":148,"column":1}},"line":6},"1":{"name":"(anonymous_1)","decl":{"start":{"line":12,"column":30},"end":{"line":12,"column":31}},"loc":{"start":{"line":12,"column":41},"end":{"line":14,"column":5}},"line":12},"2":{"name":"(anonymous_2)","decl":{"start":{"line":16,"column":26},"end":{"line":16,"column":27}},"loc":{"start":{"line":16,"column":43},"end":{"line":41,"column":5}},"line":16},"3":{"name":"(anonymous_3)","decl":{"start":{"line":44,"column":25},"end":{"line":44,"column":26}},"loc":{"start":{"line":44,"column":37},"end":{"line":70,"column":5}},"line":44},"4":{"name":"(anonymous_4)","decl":{"start":{"line":113,"column":53},"end":{"line":113,"column":54}},"loc":{"start":{"line":114,"column":36},"end":{"line":119,"column":47}},"line":114},"5":{"name":"(anonymous_5)","decl":{"start":{"line":141,"column":29},"end":{"line":141,"column":30}},"loc":{"start":{"line":141,"column":35},"end":{"line":141,"column":48}},"line":141}},"branchMap":{"0":{"loc":{"start":{"line":17,"column":8},"end":{"line":19,"column":9}},"type":"if","locations":[{"start":{"line":17,"column":8},"end":{"line":19,"column":9}},{"start":{},"end":{}}],"line":17},"1":{"loc":{"start":{"line":21,"column":8},"end":{"line":23,"column":9}},"type":"if","locations":[{"start":{"line":21,"column":8},"end":{"line":23,"column":9}},{"start":{},"end":{}}],"line":21},"2":{"loc":{"start":{"line":21,"column":12},"end":{"line":21,"column":79}},"type":"binary-expr","locations":[{"start":{"line":21,"column":12},"end":{"line":21,"column":45}},{"start":{"line":21,"column":49},"end":{"line":21,"column":79}}],"line":21},"3":{"loc":{"start":{"line":26,"column":12},"end":{"line":28,"column":13}},"type":"if","locations":[{"start":{"line":26,"column":12},"end":{"line":28,"column":13}},{"start":{},"end":{}}],"line":26},"4":{"loc":{"start":{"line":29,"column":12},"end":{"line":31,"column":13}},"type":"if","locations":[{"start":{"line":29,"column":12},"end":{"line":31,"column":13}},{"start":{},"end":{}}],"line":29},"5":{"loc":{"start":{"line":32,"column":12},"end":{"line":34,"column":13}},"type":"if","locations":[{"start":{"line":32,"column":12},"end":{"line":34,"column":13}},{"start":{},"end":{}}],"line":32},"6":{"loc":{"start":{"line":32,"column":16},"end":{"line":32,"column":52}},"type":"binary-expr","locations":[{"start":{"line":32,"column":16},"end":{"line":32,"column":30}},{"start":{"line":32,"column":34},"end":{"line":32,"column":52}}],"line":32},"7":{"loc":{"start":{"line":35,"column":12},"end":{"line":37,"column":13}},"type":"if","locations":[{"start":{"line":35,"column":12},"end":{"line":37,"column":13}},{"start":{},"end":{}}],"line":35},"8":{"loc":{"start":{"line":35,"column":16},"end":{"line":35,"column":45}},"type":"binary-expr","locations":[{"start":{"line":35,"column":16},"end":{"line":35,"column":27}},{"start":{"line":35,"column":31},"end":{"line":35,"column":45}}],"line":35},"9":{"loc":{"start":{"line":50,"column":12},"end":{"line":54,"column":13}},"type":"if","locations":[{"start":{"line":50,"column":12},"end":{"line":54,"column":13}},{"start":{},"end":{}}],"line":50},"10":{"loc":{"start":{"line":61,"column":12},"end":{"line":67,"column":13}},"type":"if","locations":[{"start":{"line":61,"column":12},"end":{"line":67,"column":13}},{"start":{"line":63,"column":19},"end":{"line":67,"column":13}}],"line":61},"11":{"loc":{"start":{"line":63,"column":19},"end":{"line":67,"column":13}},"type":"if","locations":[{"start":{"line":63,"column":19},"end":{"line":67,"column":13}},{"start":{"line":65,"column":19},"end":{"line":67,"column":13}}],"line":63},"12":{"loc":{"start":{"line":63,"column":23},"end":{"line":63,"column":56}},"type":"binary-expr","locations":[{"start":{"line":63,"column":23},"end":{"line":63,"column":35}},{"start":{"line":63,"column":39},"end":{"line":63,"column":56}}],"line":63},"13":{"loc":{"start":{"line":93,"column":13},"end":{"line":97,"column":13}},"type":"binary-expr","locations":[{"start":{"line":93,"column":13},"end":{"line":93,"column":18}},{"start":{"line":94,"column":16},"end":{"line":96,"column":22}}],"line":93},"14":{"loc":{"start":{"line":99,"column":13},"end":{"line":135,"column":13}},"type":"binary-expr","locations":[{"start":{"line":99,"column":13},"end":{"line":99,"column":22}},{"start":{"line":100,"column":16},"end":{"line":134,"column":22}}],"line":99},"15":{"loc":{"start":{"line":130,"column":25},"end":{"line":132,"column":25}},"type":"binary-expr","locations":[{"start":{"line":130,"column":25},"end":{"line":130,"column":48}},{"start":{"line":131,"column":28},"end":{"line":131,"column":108}}],"line":130}},"s":{"0":10,"1":10,"2":10,"3":10,"4":10,"5":3,"6":10,"7":2,"8":0,"9":2,"10":0,"11":2,"12":2,"13":0,"14":2,"15":0,"16":2,"17":1,"18":1,"19":0,"20":1,"21":10,"22":3,"23":3,"24":2,"25":2,"26":1,"27":1,"28":1,"29":1,"30":1,"31":1,"32":1,"33":1,"34":0,"35":0,"36":0,"37":1,"38":10,"39":1,"40":1},"f":{"0":10,"1":3,"2":2,"3":3,"4":1,"5":1},"b":{"0":[0,2],"1":[0,2],"2":[2,2],"3":[0,2],"4":[0,2],"5":[1,1],"6":[2,1],"7":[0,1],"8":[1,1],"9":[1,1],"10":[1,0],"11":[0,0],"12":[0,0],"13":[10,2],"14":[10,1],"15":[1,1]},"_coverageSchema":"1a1c01bbd47fc00a2c39e90264f33305004495a9","hash":"59b49daa284b87e6e81211dc277ea5144bb78a1b"}
,"/home/aditi/Promo-Engine/src/screens/HomePage.jsx": {"path":"/home/aditi/Promo-Engine/src/screens/HomePage.jsx","statementMap":{"0":{"start":{"line":9,"column":48},"end":{"line":9,"column":60}},"1":{"start":{"line":10,"column":44},"end":{"line":10,"column":58}},"2":{"start":{"line":12,"column":4},"end":{"line":23,"column":11}},"3":{"start":{"line":13,"column":35},"end":{"line":20,"column":9}},"4":{"start":{"line":14,"column":12},"end":{"line":19,"column":13}},"5":{"start":{"line":15,"column":33},"end":{"line":15,"column":60}},"6":{"start":{"line":16,"column":16},"end":{"line":16,"column":49}},"7":{"start":{"line":18,"column":16},"end":{"line":18,"column":72}},"8":{"start":{"line":22,"column":8},"end":{"line":22,"column":29}},"9":{"start":{"line":25,"column":25},"end":{"line":35,"column":5}},"10":{"start":{"line":26,"column":8},"end":{"line":34,"column":9}},"11":{"start":{"line":27,"column":12},"end":{"line":27,"column":46}},"12":{"start":{"line":28,"column":29},"end":{"line":28,"column":56}},"13":{"start":{"line":29,"column":12},"end":{"line":29,"column":45}},"14":{"start":{"line":30,"column":12},"end":{"line":30,"column":88}},"15":{"start":{"line":32,"column":12},"end":{"line":32,"column":67}},"16":{"start":{"line":33,"column":12},"end":{"line":33,"column":80}},"17":{"start":{"line":37,"column":32},"end":{"line":39,"column":5}},"18":{"start":{"line":38,"column":8},"end":{"line":38,"column":30}},"19":{"start":{"line":41,"column":4},"end":{"line":50,"column":6}}},"fnMap":{"0":{"name":"HomePage","decl":{"start":{"line":8,"column":9},"end":{"line":8,"column":17}},"loc":{"start":{"line":8,"column":20},"end":{"line":51,"column":1}},"line":8},"1":{"name":"(anonymous_1)","decl":{"start":{"line":12,"column":14},"end":{"line":12,"column":15}},"loc":{"start":{"line":12,"column":20},"end":{"line":23,"column":5}},"line":12},"2":{"name":"(anonymous_2)","decl":{"start":{"line":13,"column":35},"end":{"line":13,"column":36}},"loc":{"start":{"line":13,"column":47},"end":{"line":20,"column":9}},"line":13},"3":{"name":"(anonymous_3)","decl":{"start":{"line":25,"column":25},"end":{"line":25,"column":26}},"loc":{"start":{"line":25,"column":43},"end":{"line":35,"column":5}},"line":25},"4":{"name":"(anonymous_4)","decl":{"start":{"line":37,"column":32},"end":{"line":37,"column":33}},"loc":{"start":{"line":37,"column":38},"end":{"line":39,"column":5}},"line":37}},"branchMap":{},"s":{"0":4,"1":4,"2":4,"3":2,"4":2,"5":2,"6":1,"7":0,"8":2,"9":4,"10":1,"11":1,"12":1,"13":0,"14":0,"15":1,"16":1,"17":4,"18":0,"19":4},"f":{"0":4,"1":2,"2":2,"3":1,"4":0},"b":{},"_coverageSchema":"1a1c01bbd47fc00a2c39e90264f33305004495a9","hash":"8f7b5615d922cb99edb0b59ad82f450f9c764aaa"}
,"/home/aditi/Promo-Engine/src/screens/TestPage.jsx": {"path":"/home/aditi/Promo-Engine/src/screens/TestPage.jsx","statementMap":{"0":{"start":{"line":7,"column":34},"end":{"line":7,"column":46}},"1":{"start":{"line":9,"column":21},"end":{"line":9,"column":34}},"2":{"start":{"line":11,"column":25},"end":{"line":13,"column":5}},"3":{"start":{"line":12,"column":8},"end":{"line":12,"column":22}},"4":{"start":{"line":15,"column":4},"end":{"line":26,"column":6}}},"fnMap":{"0":{"name":"TestPage","decl":{"start":{"line":6,"column":9},"end":{"line":6,"column":17}},"loc":{"start":{"line":6,"column":20},"end":{"line":27,"column":1}},"line":6},"1":{"name":"(anonymous_1)","decl":{"start":{"line":11,"column":25},"end":{"line":11,"column":26}},"loc":{"start":{"line":11,"column":31},"end":{"line":13,"column":5}},"line":11}},"branchMap":{},"s":{"0":5,"1":5,"2":5,"3":1,"4":5},"f":{"0":5,"1":1},"b":{},"_coverageSchema":"1a1c01bbd47fc00a2c39e90264f33305004495a9","hash":"4461b6d700a8171900029c1f2b32433a6123e0bc"}
,"/home/aditi/Promo-Engine/src/services/orderApi.jsx": {"path":"/home/aditi/Promo-Engine/src/services/orderApi.jsx","statementMap":{"0":{"start":{"line":4,"column":18},"end":{"line":6,"column":2}},"1":{"start":{"line":9,"column":28},"end":{"line":11,"column":1}},"2":{"start":{"line":10,"column":4},"end":{"line":10,"column":62}}},"fnMap":{"0":{"name":"(anonymous_0)","decl":{"start":{"line":9,"column":28},"end":{"line":9,"column":29}},"loc":{"start":{"line":9,"column":41},"end":{"line":11,"column":1}},"line":9}},"branchMap":{},"s":{"0":1,"1":1,"2":0},"f":{"0":0},"b":{},"_coverageSchema":"1a1c01bbd47fc00a2c39e90264f33305004495a9","hash":"e6c54463b854abe3c6e5e0e416c116dc5d2da27e"}
,"/home/aditi/Promo-Engine/src/services/promotionApi.jsx": {"path":"/home/aditi/Promo-Engine/src/services/promotionApi.jsx","statementMap":{"0":{"start":{"line":5,"column":18},"end":{"line":7,"column":2}},"1":{"start":{"line":9,"column":35},"end":{"line":9,"column":74}},"2":{"start":{"line":9,"column":41},"end":{"line":9,"column":74}},"3":{"start":{"line":24,"column":35},"end":{"line":25,"column":43}},"4":{"start":{"line":25,"column":4},"end":{"line":25,"column":43}},"5":{"start":{"line":27,"column":38},"end":{"line":29,"column":1}},"6":{"start":{"line":28,"column":4},"end":{"line":28,"column":50}},"7":{"start":{"line":31,"column":35},"end":{"line":33,"column":1}},"8":{"start":{"line":32,"column":4},"end":{"line":32,"column":53}},"9":{"start":{"line":35,"column":35},"end":{"line":37,"column":1}},"10":{"start":{"line":36,"column":4},"end":{"line":36,"column":63}},"11":{"start":{"line":39,"column":29},"end":{"line":40,"column":49}},"12":{"start":{"line":40,"column":4},"end":{"line":40,"column":49}}},"fnMap":{"0":{"name":"(anonymous_0)","decl":{"start":{"line":9,"column":35},"end":{"line":9,"column":36}},"loc":{"start":{"line":9,"column":41},"end":{"line":9,"column":74}},"line":9},"1":{"name":"(anonymous_1)","decl":{"start":{"line":24,"column":35},"end":{"line":24,"column":36}},"loc":{"start":{"line":25,"column":4},"end":{"line":25,"column":43}},"line":25},"2":{"name":"(anonymous_2)","decl":{"start":{"line":27,"column":38},"end":{"line":27,"column":39}},"loc":{"start":{"line":27,"column":46},"end":{"line":29,"column":1}},"line":27},"3":{"name":"(anonymous_3)","decl":{"start":{"line":31,"column":35},"end":{"line":31,"column":36}},"loc":{"start":{"line":31,"column":43},"end":{"line":33,"column":1}},"line":31},"4":{"name":"(anonymous_4)","decl":{"start":{"line":35,"column":35},"end":{"line":35,"column":36}},"loc":{"start":{"line":35,"column":56},"end":{"line":37,"column":1}},"line":35},"5":{"name":"(anonymous_5)","decl":{"start":{"line":39,"column":29},"end":{"line":39,"column":30}},"loc":{"start":{"line":40,"column":4},"end":{"line":40,"column":49}},"line":40}},"branchMap":{},"s":{"0":3,"1":3,"2":2,"3":3,"4":0,"5":3,"6":0,"7":3,"8":0,"9":3,"10":0,"11":3,"12":0},"f":{"0":2,"1":0,"2":0,"3":0,"4":0,"5":0},"b":{},"_coverageSchema":"1a1c01bbd47fc00a2c39e90264f33305004495a9","hash":"65823008de0953af1fe04ba0a0263466de6b668e"}
,"/home/aditi/Promo-Engine/src/utility/constants.jsx": {"path":"/home/aditi/Promo-Engine/src/utility/constants.jsx","statementMap":{"0":{"start":{"line":1,"column":27},"end":{"line":1,"column":50}},"1":{"start":{"line":3,"column":21},"end":{"line":5,"column":1}}},"fnMap":{},"branchMap":{},"s":{"0":2,"1":2},"f":{},"b":{},"_coverageSchema":"1a1c01bbd47fc00a2c39e90264f33305004495a9","hash":"08c040b7e9458cd7d9dd5e98ed62a4c32ce60251"}
,"/home/aditi/Promo-Engine/src/utility/validationUtils.jsx": {"path":"/home/aditi/Promo-Engine/src/utility/validationUtils.jsx","statementMap":{"0":{"start":{"line":2,"column":28},"end":{"line":6,"column":1}},"1":{"start":{"line":3,"column":4},"end":{"line":3,"column":35}},"2":{"start":{"line":3,"column":22},"end":{"line":3,"column":35}},"3":{"start":{"line":4,"column":19},"end":{"line":4,"column":32}},"4":{"start":{"line":5,"column":4},"end":{"line":5,"column":42}}},"fnMap":{"0":{"name":"(anonymous_0)","decl":{"start":{"line":2,"column":28},"end":{"line":2,"column":29}},"loc":{"start":{"line":2,"column":39},"end":{"line":6,"column":1}},"line":2}},"branchMap":{"0":{"loc":{"start":{"line":3,"column":4},"end":{"line":3,"column":35}},"type":"if","locations":[{"start":{"line":3,"column":4},"end":{"line":3,"column":35}},{"start":{},"end":{}}],"line":3},"1":{"loc":{"start":{"line":5,"column":11},"end":{"line":5,"column":41}},"type":"cond-expr","locations":[{"start":{"line":5,"column":27},"end":{"line":5,"column":32}},{"start":{"line":5,"column":35},"end":{"line":5,"column":41}}],"line":5}},"s":{"0":2,"1":0,"2":0,"3":0,"4":0},"f":{"0":0},"b":{"0":[0,0],"1":[0,0]},"_coverageSchema":"1a1c01bbd47fc00a2c39e90264f33305004495a9","hash":"50cd3283c5fb76ac60f204f47cf93fd1992053f3"}
}
