TN:
SF:src/App.css
FNF:0
FNH:0
LF:0
LH:0
BRF:0
BRH:0
end_of_record
TN:
SF:src/App.jsx
FN:12,App
FNF:1
FNH:1
FNDA:1,App
DA:13,1
LF:1
LH:1
BRF:0
BRH:0
end_of_record
TN:
SF:src/components/config/CustomTextField.jsx
FN:4,CustomTextField
FNF:1
FNH:1
FNDA:5,CustomTextField
DA:5,5
LF:1
LH:1
BRDA:4,0,0,4
BRF:1
BRH:1
end_of_record
TN:
SF:src/components/config/NotificationBanner.jsx
FN:4,NotificationBanner
FNF:1
FNH:1
FNDA:1,NotificationBanner
DA:5,1
LF:1
LH:1
BRF:0
BRH:0
end_of_record
TN:
SF:src/components/config/SingleRuleForm.jsx
FN:455,SingleRuleForm
FN:477,(anonymous_1)
FN:482,(anonymous_2)
FN:495,(anonymous_3)
FN:503,(anonymous_4)
FN:515,(anonymous_5)
FN:522,(anonymous_6)
FN:568,(anonymous_7)
FN:683,(anonymous_8)
FN:766,(anonymous_9)
FNF:10
FNH:6
FNDA:19,SingleRuleForm
FNDA:9,(anonymous_1)
FNDA:0,(anonymous_2)
FNDA:0,(anonymous_3)
FNDA:0,(anonymous_4)
FNDA:9,(anonymous_5)
FNDA:3,(anonymous_6)
FNDA:3,(anonymous_7)
FNDA:2,(anonymous_8)
FNDA:0,(anonymous_9)
DA:456,19
DA:474,19
DA:475,19
DA:477,19
DA:478,9
DA:480,9
DA:481,0
DA:482,0
DA:492,9
DA:493,0
DA:494,0
DA:495,0
DA:503,0
DA:515,9
DA:522,19
DA:523,3
DA:524,1
DA:527,2
DA:528,1
DA:531,1
DA:532,0
DA:535,1
DA:536,0
DA:539,1
DA:541,0
DA:544,1
DA:546,1
DA:549,0
DA:550,0
DA:553,0
DA:554,0
DA:557,0
DA:559,0
DA:562,0
DA:564,0
DA:568,19
DA:569,3
DA:570,3
DA:572,3
DA:573,3
DA:575,3
DA:576,3
DA:578,0
DA:588,0
DA:589,0
DA:594,0
DA:595,0
DA:601,0
DA:602,0
DA:609,0
DA:610,0
DA:613,0
DA:614,0
DA:620,0
DA:621,0
DA:628,0
DA:629,0
DA:632,0
DA:650,3
DA:651,3
DA:653,3
DA:657,19
DA:683,2
DA:766,0
LF:64
LH:30
BRDA:480,0,0,0
BRDA:480,0,1,9
BRDA:488,1,0,0
BRDA:488,1,1,0
BRDA:492,2,0,0
BRDA:492,2,1,9
BRDA:494,3,0,0
BRDA:494,3,1,0
BRDA:509,4,0,0
BRDA:509,4,1,0
BRDA:517,5,0,3
BRDA:517,5,1,6
BRDA:523,6,0,1
BRDA:523,6,1,2
BRDA:523,7,0,3
BRDA:523,7,1,2
BRDA:523,7,2,2
BRDA:527,8,0,1
BRDA:527,8,1,1
BRDA:531,9,0,0
BRDA:531,9,1,1
BRDA:535,10,0,0
BRDA:535,10,1,1
BRDA:535,11,0,1
BRDA:535,11,1,0
BRDA:539,12,0,0
BRDA:539,12,1,1
BRDA:539,13,0,1
BRDA:539,13,1,0
BRDA:539,13,2,0
BRDA:544,14,0,1
BRDA:544,14,1,0
BRDA:544,15,0,1
BRDA:544,15,1,1
BRDA:544,15,2,0
BRDA:544,15,3,0
BRDA:549,16,0,0
BRDA:549,16,1,0
BRDA:553,17,0,0
BRDA:553,17,1,0
BRDA:553,18,0,0
BRDA:553,18,1,0
BRDA:557,19,0,0
BRDA:557,19,1,0
BRDA:557,20,0,0
BRDA:557,20,1,0
BRDA:557,20,2,0
BRDA:562,21,0,0
BRDA:562,21,1,0
BRDA:562,22,0,0
BRDA:562,22,1,0
BRDA:562,22,2,0
BRDA:562,22,3,0
BRDA:570,23,0,0
BRDA:570,23,1,3
BRDA:588,24,0,0
BRDA:588,24,1,0
BRDA:594,25,0,0
BRDA:594,25,1,0
BRDA:594,26,0,0
BRDA:594,26,1,0
BRDA:601,27,0,0
BRDA:601,27,1,0
BRDA:601,28,0,0
BRDA:601,28,1,0
BRDA:601,28,2,0
BRDA:609,29,0,0
BRDA:609,29,1,0
BRDA:613,30,0,0
BRDA:613,30,1,0
BRDA:613,31,0,0
BRDA:613,31,1,0
BRDA:620,32,0,0
BRDA:620,32,1,0
BRDA:620,33,0,0
BRDA:620,33,1,0
BRDA:620,33,2,0
BRDA:651,34,0,3
BRDA:651,34,1,0
BRDA:660,35,0,19
BRDA:660,35,1,3
BRDA:691,36,0,19
BRDA:691,36,1,1
BRDA:706,37,0,19
BRDA:706,37,1,0
BRDA:727,38,0,19
BRDA:727,38,1,2
BRDA:774,39,0,19
BRDA:774,39,1,0
BRDA:785,40,0,19
BRDA:785,40,1,0
BRDA:806,41,0,19
BRDA:806,41,1,0
BRF:93
BRH:31
end_of_record
TN:
SF:src/components/header/header.jsx
FN:10,Header
FN:14,(anonymous_1)
FN:18,(anonymous_2)
FNF:3
FNH:3
FNDA:7,Header
FNDA:2,(anonymous_1)
FNDA:2,(anonymous_2)
DA:8,2
DA:11,7
DA:12,7
DA:14,7
DA:15,2
DA:18,7
DA:19,2
DA:22,7
LF:8
LH:8
BRF:0
BRH:0
end_of_record
TN:
SF:src/components/homePage/CustomizedTables.jsx
FN:13,(anonymous_0)
FN:23,(anonymous_1)
FN:32,(anonymous_2)
FN:39,(anonymous_3)
FN:80,(anonymous_4)
FN:84,(anonymous_5)
FN:87,(anonymous_6)
FN:94,(anonymous_7)
FN:95,(anonymous_8)
FN:131,(anonymous_9)
FN:136,(anonymous_10)
FN:137,(anonymous_11)
FN:165,(anonymous_12)
FNF:13
FNH:12
FNDA:175,(anonymous_0)
FNDA:16,(anonymous_1)
FNDA:9,(anonymous_2)
FNDA:16,(anonymous_3)
FNDA:9,(anonymous_4)
FNDA:2,(anonymous_5)
FNDA:2,(anonymous_6)
FNDA:1,(anonymous_7)
FNDA:1,(anonymous_8)
FNDA:16,(anonymous_9)
FNDA:1,(anonymous_10)
FNDA:1,(anonymous_11)
FNDA:0,(anonymous_12)
DA:13,175
DA:23,16
DA:32,9
DA:39,2
DA:40,16
DA:41,0
DA:43,16
DA:50,16
DA:51,0
DA:52,0
DA:55,16
DA:56,0
DA:57,0
DA:65,16
DA:66,0
DA:67,0
DA:76,16
DA:80,2
DA:81,9
DA:82,9
DA:84,9
DA:85,2
DA:86,2
DA:87,2
DA:89,1
DA:91,2
DA:94,9
DA:95,1
DA:96,1
DA:97,1
DA:100,9
DA:132,16
DA:137,1
DA:138,1
DA:139,1
DA:140,0
DA:142,1
DA:144,1
DA:145,1
DA:165,0
LF:40
LH:31
BRDA:40,0,0,0
BRDA:40,0,1,16
BRDA:50,1,0,0
BRDA:50,1,1,16
BRDA:50,2,0,16
BRDA:50,2,1,0
BRDA:55,3,0,0
BRDA:55,3,1,16
BRDA:65,4,0,0
BRDA:65,4,1,16
BRDA:86,5,0,1
BRDA:86,5,1,1
BRDA:139,6,0,0
BRDA:139,6,1,1
BRF:14
BRH:8
end_of_record
TN:
SF:src/components/homePage/EditRulePage.jsx
FN:8,EditRulePage
FN:16,(anonymous_1)
FN:17,(anonymous_2)
FN:35,(anonymous_3)
FN:37,(anonymous_4)
FN:43,(anonymous_5)
FN:45,(anonymous_6)
FN:57,(anonymous_7)
FN:59,(anonymous_8)
FN:71,(anonymous_9)
FN:73,(anonymous_10)
FN:78,(anonymous_11)
FN:92,(anonymous_12)
FN:105,(anonymous_13)
FN:106,(anonymous_14)
FN:114,(anonymous_15)
FN:120,(anonymous_16)
FN:134,(anonymous_17)
FN:143,(anonymous_18)
FN:144,(anonymous_19)
FN:152,(anonymous_20)
FN:158,(anonymous_21)
FN:172,(anonymous_22)
FN:229,(anonymous_23)
FNF:24
FNH:11
FNDA:8,EditRulePage
FNDA:3,(anonymous_1)
FNDA:3,(anonymous_2)
FNDA:2,(anonymous_3)
FNDA:2,(anonymous_4)
FNDA:0,(anonymous_5)
FNDA:0,(anonymous_6)
FNDA:0,(anonymous_7)
FNDA:0,(anonymous_8)
FNDA:0,(anonymous_9)
FNDA:0,(anonymous_10)
FNDA:0,(anonymous_11)
FNDA:0,(anonymous_12)
FNDA:4,(anonymous_13)
FNDA:1,(anonymous_14)
FNDA:1,(anonymous_15)
FNDA:0,(anonymous_16)
FNDA:0,(anonymous_17)
FNDA:4,(anonymous_18)
FNDA:1,(anonymous_19)
FNDA:1,(anonymous_20)
FNDA:0,(anonymous_21)
FNDA:0,(anonymous_22)
FNDA:0,(anonymous_23)
DA:9,8
DA:10,7
DA:11,7
DA:12,7
DA:13,7
DA:14,7
DA:16,7
DA:17,3
DA:18,3
DA:19,3
DA:20,3
DA:21,3
DA:27,0
DA:28,0
DA:32,3
DA:35,7
DA:36,2
DA:37,2
DA:43,7
DA:44,0
DA:45,0
DA:57,7
DA:58,0
DA:59,0
DA:71,7
DA:72,0
DA:73,0
DA:74,0
DA:75,0
DA:78,0
DA:79,0
DA:80,0
DA:83,0
DA:89,0
DA:90,0
DA:91,0
DA:92,0
DA:94,0
DA:95,0
DA:96,0
DA:100,7
DA:101,3
DA:105,4
DA:106,4
DA:107,1
DA:108,1
DA:109,1
DA:115,1
DA:120,0
DA:128,0
DA:134,0
DA:143,4
DA:144,4
DA:145,1
DA:146,1
DA:147,1
DA:153,1
DA:158,0
DA:166,0
DA:172,0
DA:180,4
DA:229,0
LF:62
LH:34
BRDA:23,0,0,3
BRDA:23,0,1,1
BRDA:24,1,0,3
BRDA:24,1,1,1
BRDA:100,2,0,3
BRDA:100,2,1,4
BRDA:108,3,0,1
BRDA:108,3,1,0
BRDA:108,4,0,1
BRDA:108,4,1,1
BRDA:119,5,0,1
BRDA:119,5,1,0
BRDA:133,6,0,0
BRDA:133,6,1,0
BRDA:146,7,0,1
BRDA:146,7,1,0
BRDA:146,8,0,1
BRDA:146,8,1,1
BRDA:157,9,0,1
BRDA:157,9,1,0
BRDA:171,10,0,0
BRDA:171,10,1,0
BRDA:185,11,0,4
BRDA:185,11,1,0
BRDA:186,12,0,4
BRDA:186,12,1,0
BRDA:191,13,0,4
BRDA:191,13,1,0
BRDA:200,14,0,4
BRDA:200,14,1,0
BRDA:209,15,0,4
BRDA:209,15,1,4
BRF:32
BRH:20
end_of_record
TN:
SF:src/components/testorder/AnalysisTable.jsx
FN:10,AnalysisTable
FN:25,(anonymous_1)
FNF:2
FNH:2
FNDA:1,AnalysisTable
FNDA:1,(anonymous_1)
DA:11,1
DA:13,1
DA:26,1
DA:27,1
LF:4
LH:4
BRF:0
BRH:0
end_of_record
TN:
SF:src/components/testorder/TestForm.jsx
FN:6,TestForm
FN:11,(anonymous_1)
FN:30,(anonymous_2)
FNF:3
FNH:3
FNDA:21,TestForm
FNDA:5,(anonymous_1)
FNDA:3,(anonymous_2)
DA:7,21
DA:8,21
DA:9,21
DA:11,21
DA:12,5
DA:13,5
DA:14,5
DA:15,5
DA:16,5
DA:17,3
DA:19,2
DA:21,5
DA:25,21
DA:30,3
LF:14
LH:14
BRDA:35,0,0,5
BRDA:35,0,1,16
BRDA:42,1,0,21
BRDA:42,1,1,2
BRDA:43,2,0,21
BRDA:43,2,1,3
BRDA:43,2,2,1
BRDA:46,3,0,21
BRDA:46,3,1,3
BRDA:46,3,2,2
BRF:10
BRH:10
end_of_record
TN:
SF:src/screens/ConfigPage.jsx
FN:8,ConfigPage
FN:12,(anonymous_1)
FN:24,(anonymous_2)
FN:35,(anonymous_3)
FNF:4
FNH:3
FNDA:5,ConfigPage
FNDA:2,(anonymous_1)
FNDA:1,(anonymous_2)
FNDA:0,(anonymous_3)
DA:9,5
DA:10,5
DA:12,5
DA:13,2
DA:14,2
DA:15,1
DA:17,1
DA:18,1
DA:24,5
DA:25,1
DA:28,5
DA:35,0
LF:12
LH:11
BRF:0
BRH:0
end_of_record
TN:
SF:src/screens/EvaluateOrder.jsx
FN:6,EvaluateOrder
FN:12,(anonymous_1)
FN:16,(anonymous_2)
FN:44,(anonymous_3)
FN:113,(anonymous_4)
FN:141,(anonymous_5)
FNF:6
FNH:6
FNDA:10,EvaluateOrder
FNDA:3,(anonymous_1)
FNDA:2,(anonymous_2)
FNDA:3,(anonymous_3)
FNDA:1,(anonymous_4)
FNDA:1,(anonymous_5)
DA:7,10
DA:8,10
DA:9,10
DA:11,10
DA:12,10
DA:13,3
DA:16,10
DA:17,2
DA:18,0
DA:21,2
DA:22,0
DA:25,2
DA:26,2
DA:27,0
DA:29,2
DA:30,0
DA:32,2
DA:33,1
DA:35,1
DA:36,0
DA:40,1
DA:44,10
DA:45,3
DA:46,3
DA:49,2
DA:50,2
DA:51,1
DA:52,1
DA:53,1
DA:56,1
DA:57,1
DA:58,1
DA:61,1
DA:62,1
DA:63,0
DA:64,0
DA:66,0
DA:68,1
DA:72,10
DA:114,1
DA:141,1
LF:41
LH:33
BRDA:17,0,0,0
BRDA:17,0,1,2
BRDA:21,1,0,0
BRDA:21,1,1,2
BRDA:21,2,0,2
BRDA:21,2,1,2
BRDA:26,3,0,0
BRDA:26,3,1,2
BRDA:29,4,0,0
BRDA:29,4,1,2
BRDA:32,5,0,1
BRDA:32,5,1,1
BRDA:32,6,0,2
BRDA:32,6,1,1
BRDA:35,7,0,0
BRDA:35,7,1,1
BRDA:35,8,0,1
BRDA:35,8,1,1
BRDA:50,9,0,1
BRDA:50,9,1,1
BRDA:61,10,0,1
BRDA:61,10,1,0
BRDA:63,11,0,0
BRDA:63,11,1,0
BRDA:63,12,0,0
BRDA:63,12,1,0
BRDA:93,13,0,10
BRDA:93,13,1,2
BRDA:99,14,0,10
BRDA:99,14,1,1
BRDA:130,15,0,1
BRDA:130,15,1,1
BRF:32
BRH:22
end_of_record
TN:
SF:src/screens/HomePage.jsx
FN:8,HomePage
FN:12,(anonymous_1)
FN:13,(anonymous_2)
FN:25,(anonymous_3)
FN:37,(anonymous_4)
FNF:5
FNH:4
FNDA:4,HomePage
FNDA:2,(anonymous_1)
FNDA:2,(anonymous_2)
FNDA:1,(anonymous_3)
FNDA:0,(anonymous_4)
DA:9,4
DA:10,4
DA:12,4
DA:13,2
DA:14,2
DA:15,2
DA:16,1
DA:18,0
DA:22,2
DA:25,4
DA:26,1
DA:27,1
DA:28,1
DA:29,0
DA:30,0
DA:32,1
DA:33,1
DA:37,4
DA:38,0
DA:41,4
LF:20
LH:16
BRF:0
BRH:0
end_of_record
TN:
SF:src/screens/TestPage.jsx
FN:6,TestPage
FN:11,(anonymous_1)
FNF:2
FNH:2
FNDA:5,TestPage
FNDA:1,(anonymous_1)
DA:7,5
DA:9,5
DA:11,5
DA:12,1
DA:15,5
LF:5
LH:5
BRF:0
BRH:0
end_of_record
TN:
SF:src/services/orderApi.jsx
FN:9,(anonymous_0)
FNF:1
FNH:0
FNDA:0,(anonymous_0)
DA:4,1
DA:9,1
DA:10,0
LF:3
LH:2
BRF:0
BRH:0
end_of_record
TN:
SF:src/services/promotionApi.jsx
FN:9,(anonymous_0)
FN:24,(anonymous_1)
FN:27,(anonymous_2)
FN:31,(anonymous_3)
FN:35,(anonymous_4)
FN:39,(anonymous_5)
FNF:6
FNH:1
FNDA:2,(anonymous_0)
FNDA:0,(anonymous_1)
FNDA:0,(anonymous_2)
FNDA:0,(anonymous_3)
FNDA:0,(anonymous_4)
FNDA:0,(anonymous_5)
DA:5,3
DA:9,3
DA:24,3
DA:25,0
DA:27,3
DA:28,0
DA:31,3
DA:32,0
DA:35,3
DA:36,0
DA:39,3
DA:40,0
LF:12
LH:7
BRF:0
BRH:0
end_of_record
TN:
SF:src/utility/constants.jsx
FNF:0
FNH:0
DA:1,2
DA:3,2
LF:2
LH:2
BRF:0
BRH:0
end_of_record
TN:
SF:src/utility/validationUtils.jsx
FN:2,(anonymous_0)
FNF:1
FNH:0
FNDA:0,(anonymous_0)
DA:2,2
DA:3,0
DA:4,0
DA:5,0
LF:4
LH:1
BRDA:3,0,0,0
BRDA:3,0,1,0
BRDA:5,1,0,0
BRDA:5,1,1,0
BRF:4
BRH:0
end_of_record
